This is pdfTeX, Version 3.141592653-2.6-1.40.22 (MiKTeX 21.2) (preloaded format=pdflatex 2021.3.4)  29 MAR 2022 12:18
entering extended mode
**"./algebraic methods for solving the hydrogen atom in quantum mechanics.tex"
(algebraic methods for solving the hydrogen atom in quantum mechanics.tex
LaTeX2e <2020-10-01> patch level 4
L3 programming layer <2021-02-18> xparse <2020-03-03>
(C:\Users\Dana Avramescu\AppData\Local\Programs\MiKTeX\tex/latex/base\report.cl
s
Document Class: report 2020/04/10 v1.4m Standard LaTeX document class

(C:\Users\Dana Avramescu\AppData\Local\Programs\MiKTeX\tex/latex/base\size12.cl
o
File: size12.clo 2020/04/10 v1.4m Standard LaTeX file (size option)
)
\c@part=\count179
\c@chapter=\count180
\c@section=\count181
\c@subsection=\count182
\c@subsubsection=\count183
\c@paragraph=\count184
\c@subparagraph=\count185
\c@figure=\count186
\c@table=\count187
\abovecaptionskip=\skip47
\belowcaptionskip=\skip48
\bibindent=\dimen138
)
(C:\Users\Dana Avramescu\AppData\Local\Programs\MiKTeX\tex/latex/base\inputenc.
sty
Package: inputenc 2020/08/01 v1.3d Input encoding file
\inpenc@prehook=\toks15
\inpenc@posthook=\toks16
)
(C:\Users\Dana Avramescu\AppData\Local\Programs\MiKTeX\tex/latex/graphics\graph
icx.sty
Package: graphicx 2020/09/09 v1.2b Enhanced LaTeX Graphics (DPC,SPQR)

(C:\Users\Dana Avramescu\AppData\Local\Programs\MiKTeX\tex/latex/graphics\keyva
l.sty
Package: keyval 2014/10/28 v1.15 key=value parser (DPC)
\KV@toks@=\toks17
)
(C:\Users\Dana Avramescu\AppData\Local\Programs\MiKTeX\tex/latex/graphics\graph
ics.sty
Package: graphics 2020/08/30 v1.4c Standard LaTeX Graphics (DPC,SPQR)

(C:\Users\Dana Avramescu\AppData\Local\Programs\MiKTeX\tex/latex/graphics\trig.
sty
Package: trig 2016/01/03 v1.10 sin cos tan (DPC)
)
(C:\Users\Dana Avramescu\AppData\Local\Programs\MiKTeX\tex/latex/graphics-cfg\g
raphics.cfg
File: graphics.cfg 2016/06/04 v1.11 sample graphics configuration
)
Package graphics Info: Driver file: pdftex.def on input line 105.

(C:\Users\Dana Avramescu\AppData\Local\Programs\MiKTeX\tex/latex/graphics-def\p
dftex.def
File: pdftex.def 2020/10/05 v1.2a Graphics/color driver for pdftex
))
\Gin@req@height=\dimen139
\Gin@req@width=\dimen140
)
(C:\Users\Dana Avramescu\AppData\Local\Programs\MiKTeX\tex/latex/latex-tools\in
dentfirst.sty
Package: indentfirst 1995/11/23 v1.03 Indent first paragraph (DPC)
)
(C:\Users\Dana Avramescu\AppData\Local\Programs\MiKTeX\tex/latex/appendix\appen
dix.sty
Package: appendix 2020/02/08 v1.2c extra appendix facilities
\c@@pps=\count188
\c@@ppsavesec=\count189
\c@@ppsaveapp=\count190
)
(C:\Users\Dana Avramescu\AppData\Local\Programs\MiKTeX\tex/latex/amsmath\amsmat
h.sty
Package: amsmath 2020/09/23 v2.17i AMS math features
\@mathmargin=\skip49
For additional information on amsmath, use the `?' option.

(C:\Users\Dana Avramescu\AppData\Local\Programs\MiKTeX\tex/latex/amsmath\amstex
t.sty
Package: amstext 2000/06/29 v2.01 AMS text

(C:\Users\Dana Avramescu\AppData\Local\Programs\MiKTeX\tex/latex/amsmath\amsgen
.sty
File: amsgen.sty 1999/11/30 v2.0 generic functions
\@emptytoks=\toks18
\ex@=\dimen141
))
(C:\Users\Dana Avramescu\AppData\Local\Programs\MiKTeX\tex/latex/amsmath\amsbsy
.sty
Package: amsbsy 1999/11/29 v1.2d Bold Symbols
\pmbraise@=\dimen142
)
(C:\Users\Dana Avramescu\AppData\Local\Programs\MiKTeX\tex/latex/amsmath\amsopn
.sty
Package: amsopn 2016/03/08 v2.02 operator names
)
\inf@bad=\count191
LaTeX Info: Redefining \frac on input line 234.
\uproot@=\count192
\leftroot@=\count193
LaTeX Info: Redefining \overline on input line 399.
\classnum@=\count194
\DOTSCASE@=\count195
LaTeX Info: Redefining \ldots on input line 496.
LaTeX Info: Redefining \dots on input line 499.
LaTeX Info: Redefining \cdots on input line 620.
\Mathstrutbox@=\box47
\strutbox@=\box48
\big@size=\dimen143
LaTeX Font Info:    Redeclaring font encoding OML on input line 743.
LaTeX Font Info:    Redeclaring font encoding OMS on input line 744.
\macc@depth=\count196
\c@MaxMatrixCols=\count197
\dotsspace@=\muskip16
\c@parentequation=\count198
\dspbrk@lvl=\count199
\tag@help=\toks19
\row@=\count266
\column@=\count267
\maxfields@=\count268
\andhelp@=\toks20
\eqnshift@=\dimen144
\alignsep@=\dimen145
\tagshift@=\dimen146
\tagwidth@=\dimen147
\totwidth@=\dimen148
\lineht@=\dimen149
\@envbody=\toks21
\multlinegap=\skip50
\multlinetaggap=\skip51
\mathdisplay@stack=\toks22
LaTeX Info: Redefining \[ on input line 2923.
LaTeX Info: Redefining \] on input line 2924.
)
(C:\Users\Dana Avramescu\AppData\Local\Programs\MiKTeX\tex/latex/amscls\amsthm.
sty
Package: amsthm 2020/05/29 v2.20.6
\thm@style=\toks23
\thm@bodyfont=\toks24
\thm@headfont=\toks25
\thm@notefont=\toks26
\thm@headpunct=\toks27
\thm@preskip=\skip52
\thm@postskip=\skip53
\thm@headsep=\skip54
\dth@everypar=\toks28
)
(C:\Users\Dana Avramescu\AppData\Local\Programs\MiKTeX\tex/latex/amsfonts\amssy
mb.sty
Package: amssymb 2013/01/14 v3.01 AMS font symbols

(C:\Users\Dana Avramescu\AppData\Local\Programs\MiKTeX\tex/latex/amsfonts\amsfo
nts.sty
Package: amsfonts 2013/01/14 v3.01 Basic AMSFonts support
\symAMSa=\mathgroup4
\symAMSb=\mathgroup5
LaTeX Font Info:    Redeclaring math symbol \hbar on input line 98.
LaTeX Font Info:    Overwriting math alphabet `\mathfrak' in version `bold'
(Font)                  U/euf/m/n --> U/euf/b/n on input line 106.
))
(C:\Users\Dana Avramescu\AppData\Local\Programs\MiKTeX\tex/latex/latex-tools\en
umerate.sty
Package: enumerate 2015/07/23 v3.00 enumerate extensions (DPC)
\@enLab=\toks29
)
(C:\Users\Dana Avramescu\AppData\Local\Programs\MiKTeX\tex/latex/hyperref\namer
ef.sty
Package: nameref 2021-04-02 v2.47 Cross-referencing by name of section

(C:\Users\Dana Avramescu\AppData\Local\Programs\MiKTeX\tex/latex/refcount\refco
unt.sty
Package: refcount 2019/12/15 v3.6 Data extraction from label references (HO)

(C:\Users\Dana Avramescu\AppData\Local\Programs\MiKTeX\tex/generic/ltxcmds\ltxc
mds.sty
Package: ltxcmds 2020-05-10 v1.25 LaTeX kernel commands for general use (HO)
)
(C:\Users\Dana Avramescu\AppData\Local\Programs\MiKTeX\tex/generic/infwarerr\in
fwarerr.sty
Package: infwarerr 2019/12/03 v1.5 Providing info/warning/error messages (HO)
))
(C:\Users\Dana Avramescu\AppData\Local\Programs\MiKTeX\tex/generic/gettitlestri
ng\gettitlestring.sty
Package: gettitlestring 2019/12/15 v1.6 Cleanup title references (HO)

(C:\Users\Dana Avramescu\AppData\Local\Programs\MiKTeX\tex/latex/kvoptions\kvop
tions.sty
Package: kvoptions 2020-10-07 v3.14 Key value format for package options (HO)

(C:\Users\Dana Avramescu\AppData\Local\Programs\MiKTeX\tex/generic/kvsetkeys\kv
setkeys.sty
Package: kvsetkeys 2019/12/15 v1.18 Key value parser (HO)
)))
\c@section@level=\count269
LaTeX Info: Redefining \ref on input line 356.
LaTeX Info: Redefining \pageref on input line 356.
)
(C:\Users\Dana Avramescu\AppData\Local\Programs\MiKTeX\tex/latex/braket\braket.
sty)
(C:\Users\Dana Avramescu\AppData\Local\Programs\MiKTeX\tex/latex/slashbox\slash
box.sty
slashbox style by K.Yasuoka, May 1993.
\@slashboxa=\box49
\@slashboxb=\box50
\@slashboxc=\box51
\@slashboxwd=\count270
\@slashboxht=\count271
\@slashsepl=\dimen150
\@slashsepr=\dimen151
)
(C:\Users\Dana Avramescu\AppData\Local\Programs\MiKTeX\tex/latex/multirow\multi
row.sty
Package: multirow 2021/03/15 v2.8 Span multiple rows of a table
\multirow@colwidth=\skip55
\multirow@cntb=\count272
\multirow@dima=\skip56
\bigstrutjot=\dimen152
)
(C:\Users\Dana Avramescu\AppData\Local\Programs\MiKTeX\tex/latex/breqn\breqn.st
y
(C:\Users\Dana Avramescu\AppData\Local\Programs\MiKTeX\tex/latex/l3kernel\expl3
.sty
Package: expl3 2021-02-18 L3 programming layer (loader) 

(C:\Users\Dana Avramescu\AppData\Local\Programs\MiKTeX\tex/latex/l3backend\l3ba
ckend-pdftex.def
File: l3backend-pdftex.def 2021-03-02 L3 backend support: PDF output (pdfTeX)
\l__color_backend_stack_int=\count273
\l__pdf_internal_box=\box52
))
Package: breqn 2021/10/28 v0.98l Breaking equations

(C:\Users\Dana Avramescu\AppData\Local\Programs\MiKTeX\tex/latex/breqn\flexisym
.sty
Package: flexisym 2021/10/28 v0.98l Make math characters macros
LaTeX Info: Redefining \textprime on input line 299.
LaTeX Info: Redefining \not on input line 357.

(C:\Users\Dana Avramescu\AppData\Local\Programs\MiKTeX\tex/latex/breqn\cmbase.s
ym
File: cmbase.sym 2007/12/19 v0.92
LaTeX Info: Redefining \hbar on input line 324.
LaTeX Info: Redefining \surd on input line 326.
LaTeX Info: Redefining \angle on input line 334.
LaTeX Info: Redefining \neq on input line 335.
LaTeX Info: Redefining \mapsto on input line 336.
LaTeX Info: Redefining \cong on input line 337.
LaTeX Info: Redefining \notin on input line 340.
LaTeX Info: Redefining \rightleftharpoons on input line 341.
LaTeX Info: Redefining \doteq on input line 342.
LaTeX Info: Redefining \hookrightarrow on input line 343.
LaTeX Info: Redefining \hookleftarrow on input line 344.
LaTeX Info: Redefining \bowtie on input line 345.
LaTeX Info: Redefining \models on input line 346.
LaTeX Info: Redefining \Longrightarrow on input line 347.
LaTeX Info: Redefining \longrightarrow on input line 348.
LaTeX Info: Redefining \Longleftarrow on input line 349.
LaTeX Info: Redefining \longleftarrow on input line 350.
LaTeX Info: Redefining \longmapsto on input line 351.
LaTeX Info: Redefining \longleftrightarrow on input line 352.
LaTeX Info: Redefining \Longleftrightarrow on input line 353.
LaTeX Info: Redefining \cdots on input line 357.
LaTeX Info: Redefining \vdots on input line 360.
LaTeX Info: Redefining \ddots on input line 365.
)
(C:\Users\Dana Avramescu\AppData\Local\Programs\MiKTeX\tex/latex/breqn\mathstyl
e.sty
Package: mathstyle 2021/10/28 v0.98l Tracking mathstyle implicitly
LaTeX Info: Redefining \displaystyle on input line 95.
LaTeX Info: Redefining \textstyle on input line 97.
LaTeX Info: Redefining \scriptstyle on input line 99.
LaTeX Info: Redefining \scriptscriptstyle on input line 101.
LaTeX Info: Redefining \genfrac on input line 149.
))
(C:\Users\Dana Avramescu\AppData\Local\Programs\MiKTeX\tex/latex/latex-tools\ca
lc.sty
Package: calc 2017/05/25 v4.3 Infix arithmetic (KKT,FJ)
\calc@Acount=\count274
\calc@Bcount=\count275
\calc@Adimen=\dimen153
\calc@Bdimen=\dimen154
\calc@Askip=\skip57
\calc@Bskip=\skip58
LaTeX Info: Redefining \setlength on input line 80.
LaTeX Info: Redefining \addtolength on input line 81.
\calc@Ccount=\count276
\calc@Cskip=\skip59
)
\inf@bad=\count277
\maxint=\count278
\listwidth=\dimen155
\eqnumsep=\dimen156
\eqmargin=\dimen157
\eqlinespacing=\skip60
\eqlineskip=\skip61
\eqlineskiplimit=\dimen158
\eqbinoffset=\muskip17
\eqdelimoffset=\muskip18
\eqindentstep=\dimen159
\eqstyle=\toks30
\eqbreakdepth=\count279
\eqinterlinepenalty=\count280
\intereqpenalty=\count281
\intereqskip=\skip62
\prerelpenalty=\count282
\prebinoppenalty=\count283
\Dmedmuskip=\muskip19
\Dthickmuskip=\muskip20
\eqleftskip=\skip63
\eqrightskip=\skip64
\eq@vspan=\skip65
\eq@binoffset=\muskip21
\EQ@box=\box53
\EQ@copy=\box54
\EQ@numbox=\box55
\eq@wdNum=\dimen160
\GRP@numbox=\box56
\grp@wdNum=\dimen161
\eq@lines=\count284
\eq@curline=\count285
\eq@badness=\count286
\EQ@vims=\count287
\eq@dp=\dimen162
\eq@wdL=\dimen163
\eq@wdT=\dimen164
\eq@wdMin=\dimen165
\grp@wdL=\dimen166
\grp@wdR=\dimen167
\grp@wdT=\dimen168
\eq@wdRmax=\dimen169
\eq@firstht=\dimen170
\eq@wdCond=\dimen171
\eq@indentstep=\dimen172
\eq@linewidth=\dimen173
\grp@linewidth=\dimen174
\eq@hshift=\dimen175
\eq@given@sidespace=\dimen176
\mathindent=\dimen177
\eq@final@linecount=\count288
\eq@wdR=\dimen178
\EQ@continue=\toks31
\lr@level=\count289
\GRP@queue=\toks32
\GRP@box=\box57
\GRP@wholebox=\box58
\darraycolsep=\skip66
\cur@row=\count290
\cur@col=\count291
\conditionsep=\skip67
)
(C:\Users\Dana Avramescu\AppData\Local\Programs\MiKTeX\tex/latex/mathtools\math
tools.sty
Package: mathtools 2020/03/24 v1.24 mathematical typesetting tools

(C:\Users\Dana Avramescu\AppData\Local\Programs\MiKTeX\tex/latex/mathtools\mhse
tup.sty
Package: mhsetup 2017/03/31 v1.3 programming setup (MH)
)
LaTeX Info: Thecontrolsequence`\('isalreadyrobust on input line 130.
LaTeX Info: Thecontrolsequence`\)'isalreadyrobust on input line 130.
LaTeX Info: Thecontrolsequence`\['isalreadyrobust on input line 130.
LaTeX Info: Thecontrolsequence`\]'isalreadyrobust on input line 130.
\g_MT_multlinerow_int=\count292
\l_MT_multwidth_dim=\dimen179
\origjot=\skip68
\l_MT_shortvdotswithinadjustabove_dim=\dimen180
\l_MT_shortvdotswithinadjustbelow_dim=\dimen181
\l_MT_above_intertext_sep=\dimen182
\l_MT_below_intertext_sep=\dimen183
\l_MT_above_shortintertext_sep=\dimen184
\l_MT_below_shortintertext_sep=\dimen185
\xmathstrut@box=\box59
\xmathstrut@dim=\dimen186
)
(C:\Users\Dana Avramescu\AppData\Local\Programs\MiKTeX\tex/latex/csquotes\csquo
tes.sty
Package: csquotes 2021-02-22 v5.2l context-sensitive quotations (JAW)

(C:\Users\Dana Avramescu\AppData\Local\Programs\MiKTeX\tex/latex/etoolbox\etool
box.sty
Package: etoolbox 2020/10/05 v2.5k e-TeX tools for LaTeX (JAW)
\etb@tempcnta=\count293
)
\csq@reset=\count294
\csq@gtype=\count295
\csq@glevel=\count296
\csq@qlevel=\count297
\csq@maxlvl=\count298
\csq@tshold=\count299
\csq@ltx@everypar=\toks33

(C:\Users\Dana Avramescu\AppData\Local\Programs\MiKTeX\tex/latex/csquotes\csquo
tes.def
File: csquotes.def 2021-02-22 v5.2l csquotes generic definitions (JAW)
)
Package csquotes Info: Trying to load configuration file 'csquotes.cfg'...
Package csquotes Info: ... configuration file loaded successfully.

(C:\Users\Dana Avramescu\AppData\Local\Programs\MiKTeX\tex/latex/csquotes\csquo
tes.cfg
File: csquotes.cfg 
))
(C:\Users\Dana Avramescu\AppData\Local\Programs\MiKTeX\tex/latex/booktabs\bookt
abs.sty
Package: booktabs 2020/01/12 v1.61803398 Publication quality tables
\heavyrulewidth=\dimen187
\lightrulewidth=\dimen188
\cmidrulewidth=\dimen189
\belowrulesep=\dimen190
\belowbottomsep=\dimen191
\aboverulesep=\dimen192
\abovetopsep=\dimen193
\cmidrulesep=\dimen194
\cmidrulekern=\dimen195
\defaultaddspace=\dimen196
\@cmidla=\count300
\@cmidlb=\count301
\@aboverulesep=\dimen197
\@belowrulesep=\dimen198
\@thisruleclass=\count302
\@lastruleclass=\count303
\@thisrulewidth=\dimen199
)
(C:\Users\Dana Avramescu\AppData\Local\Programs\MiKTeX\tex/latex/float\float.st
y
Package: float 2001/11/08 v1.3d Float enhancements (AL)
\c@float@type=\count304
\float@exts=\toks34
\float@box=\box60
\@float@everytoks=\toks35
\@floatcapt=\box61
)
(C:\Users\Dana Avramescu\AppData\Local\Programs\MiKTeX\tex/latex/setspace\setsp
ace.sty
Package: setspace 2011/12/19 v6.7a set line spacing
)
(C:\Users\Dana Avramescu\AppData\Local\Programs\MiKTeX\tex/latex/placeins\place
ins.sty
Package: placeins 2005/04/18  v 2.2
)
(C:\Users\Dana Avramescu\AppData\Local\Programs\MiKTeX\tex/latex/geometry\geome
try.sty
Package: geometry 2020/01/02 v5.9 Page Geometry

(C:\Users\Dana Avramescu\AppData\Local\Programs\MiKTeX\tex/generic/iftex\ifvtex
.sty
Package: ifvtex 2019/10/25 v1.7 ifvtex legacy package. Use iftex instead.

(C:\Users\Dana Avramescu\AppData\Local\Programs\MiKTeX\tex/generic/iftex\iftex.
sty
Package: iftex 2020/03/06 v1.0d TeX engine tests
))
\Gm@cnth=\count305
\Gm@cntv=\count306
\c@Gm@tempcnt=\count307
\Gm@bindingoffset=\dimen256
\Gm@wd@mp=\dimen257
\Gm@odd@mp=\dimen258
\Gm@even@mp=\dimen259
\Gm@layoutwidth=\dimen260
\Gm@layoutheight=\dimen261
\Gm@layouthoffset=\dimen262
\Gm@layoutvoffset=\dimen263
\Gm@dimlist=\toks36

(C:\Users\Dana Avramescu\AppData\Local\Programs\MiKTeX\tex/latex/geometry\geome
try.cfg))
\c@theorem=\count308
\c@property=\count309
\c@definition=\count310
\c@commutator=\count311
\c@mycounter=\count312

(C:\Users\Dana Avramescu\AppData\Local\Programs\MiKTeX\tex/latex/hyperref\hyper
ref.sty
Package: hyperref 2021-02-27 v7.00k Hypertext links for LaTeX

(C:\Users\Dana Avramescu\AppData\Local\Programs\MiKTeX\tex/generic/pdftexcmds\p
dftexcmds.sty
Package: pdftexcmds 2020-06-27 v0.33 Utility functions of pdfTeX for LuaTeX (HO
)
Package pdftexcmds Info: \pdf@primitive is available.
Package pdftexcmds Info: \pdf@ifprimitive is available.
Package pdftexcmds Info: \pdfdraftmode found.
)
(C:\Users\Dana Avramescu\AppData\Local\Programs\MiKTeX\tex/generic/kvdefinekeys
\kvdefinekeys.sty
Package: kvdefinekeys 2019-12-19 v1.6 Define keys (HO)
)
(C:\Users\Dana Avramescu\AppData\Local\Programs\MiKTeX\tex/generic/pdfescape\pd
fescape.sty
Package: pdfescape 2019/12/09 v1.15 Implements pdfTeX's escape features (HO)
)
(C:\Users\Dana Avramescu\AppData\Local\Programs\MiKTeX\tex/latex/hycolor\hycolo
r.sty
Package: hycolor 2020-01-27 v1.10 Color options for hyperref/bookmark (HO)
)
(C:\Users\Dana Avramescu\AppData\Local\Programs\MiKTeX\tex/latex/letltxmacro\le
tltxmacro.sty
Package: letltxmacro 2019/12/03 v1.6 Let assignment for LaTeX macros (HO)
)
(C:\Users\Dana Avramescu\AppData\Local\Programs\MiKTeX\tex/latex/auxhook\auxhoo
k.sty
Package: auxhook 2019-12-17 v1.6 Hooks for auxiliary files (HO)
)
\@linkdim=\dimen264
\Hy@linkcounter=\count313
\Hy@pagecounter=\count314

(C:\Users\Dana Avramescu\AppData\Local\Programs\MiKTeX\tex/latex/hyperref\pd1en
c.def
File: pd1enc.def 2021-02-27 v7.00k Hyperref: PDFDocEncoding definition (HO)
Now handling font encoding PD1 ...
... no UTF-8 mapping file for font encoding PD1
)
(C:\Users\Dana Avramescu\AppData\Local\Programs\MiKTeX\tex/latex/hyperref\hyper
ref-langpatches.def
File: hyperref-langpatches.def 2021-02-27 v7.00k Hyperref: patches for babel la
nguages
)
(C:\Users\Dana Avramescu\AppData\Local\Programs\MiKTeX\tex/generic/intcalc\intc
alc.sty
Package: intcalc 2019/12/15 v1.3 Expandable calculations with integers (HO)
)
(C:\Users\Dana Avramescu\AppData\Local\Programs\MiKTeX\tex/generic/etexcmds\ete
xcmds.sty
Package: etexcmds 2019/12/15 v1.7 Avoid name clashes with e-TeX commands (HO)
)
\Hy@SavedSpaceFactor=\count315

(C:\Users\Dana Avramescu\AppData\Local\Programs\MiKTeX\tex/latex/hyperref\puenc
.def
File: puenc.def 2021-02-27 v7.00k Hyperref: PDF Unicode definition (HO)
Now handling font encoding PU ...
... no UTF-8 mapping file for font encoding PU
)
Package hyperref Info: Hyper figures OFF on input line 4192.
Package hyperref Info: Link nesting OFF on input line 4197.
Package hyperref Info: Hyper index ON on input line 4200.
Package hyperref Info: Plain pages OFF on input line 4207.
Package hyperref Info: Backreferencing OFF on input line 4212.
Package hyperref Info: Implicit mode ON; LaTeX internals redefined.
Package hyperref Info: Bookmarks ON on input line 4445.
\c@Hy@tempcnt=\count316
(C:\Users\Dana Avramescu\AppData\Local\Programs\MiKTeX\tex/latex/url\url.sty
\Urlmuskip=\muskip22
Package: url 2013/09/16  ver 3.4  Verb mode for urls, etc.
)
LaTeX Info: Redefining \url on input line 4804.
\XeTeXLinkMargin=\dimen265

(C:\Users\Dana Avramescu\AppData\Local\Programs\MiKTeX\tex/generic/bitset\bitse
t.sty
Package: bitset 2019/12/09 v1.3 Handle bit-vector datatype (HO)

(C:\Users\Dana Avramescu\AppData\Local\Programs\MiKTeX\tex/generic/bigintcalc\b
igintcalc.sty
Package: bigintcalc 2019/12/15 v1.5 Expandable calculations on big integers (HO
)
))
\Fld@menulength=\count317
\Field@Width=\dimen266
\Fld@charsize=\dimen267
Package hyperref Info: Hyper figures OFF on input line 6075.
Package hyperref Info: Link nesting OFF on input line 6080.
Package hyperref Info: Hyper index ON on input line 6083.
Package hyperref Info: backreferencing OFF on input line 6090.
Package hyperref Info: Link coloring OFF on input line 6095.
Package hyperref Info: Link coloring with OCG OFF on input line 6100.
Package hyperref Info: PDF/A mode OFF on input line 6105.
LaTeX Info: Redefining \ref on input line 6145.
LaTeX Info: Redefining \pageref on input line 6149.

(C:\Users\Dana Avramescu\AppData\Local\Programs\MiKTeX\tex/latex/base\atbegshi-
ltx.sty
Package: atbegshi-ltx 2020/08/17 v1.0a Emulation of the original atbegshi packa
ge
with kernel methods
)
\Hy@abspage=\count318
\c@Item=\count319
\c@Hfootnote=\count320
)
Package hyperref Info: Driver (autodetected): hpdftex.

(C:\Users\Dana Avramescu\AppData\Local\Programs\MiKTeX\tex/latex/hyperref\hpdft
ex.def
File: hpdftex.def 2021-02-27 v7.00k Hyperref driver for pdfTeX

(C:\Users\Dana Avramescu\AppData\Local\Programs\MiKTeX\tex/latex/base\atveryend
-ltx.sty
Package: atveryend-ltx 2020/08/19 v1.0a Emulation of the original atvery packag
e
with kernel methods
)
\Fld@listcount=\count321
\c@bookmark@seq@number=\count322

(C:\Users\Dana Avramescu\AppData\Local\Programs\MiKTeX\tex/latex/rerunfilecheck
\rerunfilecheck.sty
Package: rerunfilecheck 2019/12/05 v1.9 Rerun checks for auxiliary files (HO)

(C:\Users\Dana Avramescu\AppData\Local\Programs\MiKTeX\tex/generic/uniquecounte
r\uniquecounter.sty
Package: uniquecounter 2019/12/15 v1.4 Provide unlimited unique counter (HO)
)
Package uniquecounter Info: New unique counter `rerunfilecheck' on input line 2
86.
)
\Hy@SectionHShift=\skip69
)
(C:\Users\Dana Avramescu\AppData\Local\Programs\MiKTeX\tex/latex/xpatch\xpatch.
sty
Package: xpatch 2020/03/25 v0.3a Extending etoolbox patching commands

(C:\Users\Dana Avramescu\AppData\Local\Programs\MiKTeX\tex/latex/l3packages/xpa
rse\xparse.sty
Package: xparse 2020-10-27 L3 Experimental document command parser

(C:\Users\Dana Avramescu\AppData\Local\Programs\MiKTeX\tex/latex/l3packages/xpa
rse\xparse-generic.tex)))
Package csquotes Info: Checking for multilingual support...
Package csquotes Info: ... none found.
(algebraic methods for solving the hydrogen atom in quantum mechanics.aux

LaTeX Warning: Label `ladderso3' multiply defined.


LaTeX Warning: Label `eso3.16' multiply defined.


LaTeX Warning: Label `eso3.20' multiply defined.


LaTeX Warning: Label `eso21.3' multiply defined.


LaTeX Warning: Label `cb1' multiply defined.

)
\openout1 = `"algebraic methods for solving the hydrogen atom in quantum mechan
ics.aux"'.

LaTeX Font Info:    Checking defaults for OML/cmm/m/it on input line 66.
LaTeX Font Info:    ... okay on input line 66.
LaTeX Font Info:    Checking defaults for OMS/cmsy/m/n on input line 66.
LaTeX Font Info:    ... okay on input line 66.
LaTeX Font Info:    Checking defaults for OT1/cmr/m/n on input line 66.
LaTeX Font Info:    ... okay on input line 66.
LaTeX Font Info:    Checking defaults for T1/cmr/m/n on input line 66.
LaTeX Font Info:    ... okay on input line 66.
LaTeX Font Info:    Checking defaults for TS1/cmr/m/n on input line 66.
LaTeX Font Info:    ... okay on input line 66.
LaTeX Font Info:    Checking defaults for OMX/cmex/m/n on input line 66.
LaTeX Font Info:    ... okay on input line 66.
LaTeX Font Info:    Checking defaults for U/cmr/m/n on input line 66.
LaTeX Font Info:    ... okay on input line 66.
LaTeX Font Info:    Checking defaults for PD1/pdf/m/n on input line 66.
LaTeX Font Info:    ... okay on input line 66.
LaTeX Font Info:    Checking defaults for PU/pdf/m/n on input line 66.
LaTeX Font Info:    ... okay on input line 66.

(C:\Users\Dana Avramescu\AppData\Local\Programs\MiKTeX\tex/context/base/mkii\su
pp-pdf.mkii
[Loading MPS to PDF converter (version 2006.09.02).]
\scratchcounter=\count323
\scratchdimen=\dimen268
\scratchbox=\box62
\nofMPsegments=\count324
\nofMParguments=\count325
\everyMPshowfont=\toks37
\MPscratchCnt=\count326
\MPscratchDim=\dimen269
\MPnumerator=\count327
\makeMPintoPDFobject=\count328
\everyMPtoPDFconversion=\toks38
)
(C:\Users\Dana Avramescu\AppData\Local\Programs\MiKTeX\tex/latex/epstopdf-pkg\e
pstopdf-base.sty
Package: epstopdf-base 2020-01-24 v2.11 Base part for package epstopdf
Package epstopdf-base Info: Redefining graphics rule for `.eps' on input line 4
85.
)
*geometry* driver: auto-detecting
*geometry* detected driver: pdftex
*geometry* verbose mode - [ preamble ] result:
* driver: pdftex
* paper: a4paper
* layout: <same size as paper>
* layoutoffset:(h,v)=(0.0pt,0.0pt)
* modes: heightrounded 
* h-part:(L,W,R)=(99.58464pt, 398.33858pt, 99.58466pt)
* v-part:(T,H,B)=(99.01556pt, 597.50787pt, 148.5234pt)
* \paperwidth=597.50787pt
* \paperheight=845.04684pt
* \textwidth=398.33858pt
* \textheight=592.0pt
* \oddsidemargin=27.31465pt
* \evensidemargin=27.31465pt
* \topmargin=-10.25443pt
* \headheight=12.0pt
* \headsep=25.0pt
* \topskip=12.0pt
* \footskip=30.0pt
* \marginparwidth=35.0pt
* \marginparsep=10.0pt
* \columnsep=10.0pt
* \skip\footins=10.8pt plus 4.0pt minus 2.0pt
* \hoffset=0.0pt
* \voffset=0.0pt
* \mag=1000
* \@twocolumnfalse
* \@twosidefalse
* \@mparswitchfalse
* \@reversemarginfalse
* (1in=72.27pt=25.4mm, 1cm=28.453pt)

Package hyperref Info: Link coloring OFF on input line 66.
LaTeX Info: Redefining \ref on input line 66.
LaTeX Info: Redefining \pageref on input line 66.
LaTeX Info: Redefining \nameref on input line 66.
(algebraic methods for solving the hydrogen atom in quantum mechanics.out) (alg
ebraic methods for solving the hydrogen atom in quantum mechanics.out)
\@outlinefile=\write3
\openout3 = `"algebraic methods for solving the hydrogen atom in quantum mechan
ics.out"'.

*geometry* verbose mode - [ newgeometry ] result:
* driver: pdftex
* paper: a4paper
* layout: <same size as paper>
* layoutoffset:(h,v)=(0.0pt,0.0pt)
* modes: 
* h-part:(L,W,R)=(72.26999pt, 452.9679pt, 72.26999pt)
* v-part:(T,H,B)=(72.26999pt, 700.50687pt, 72.26999pt)
* \paperwidth=597.50787pt
* \paperheight=845.04684pt
* \textwidth=452.9679pt
* \textheight=700.50687pt
* \oddsidemargin=0.0pt
* \evensidemargin=0.0pt
* \topmargin=-37.0pt
* \headheight=12.0pt
* \headsep=25.0pt
* \topskip=12.0pt
* \footskip=30.0pt
* \marginparwidth=35.0pt
* \marginparsep=10.0pt
* \columnsep=10.0pt
* \skip\footins=10.8pt plus 4.0pt minus 2.0pt
* \hoffset=0.0pt
* \voffset=0.0pt
* \mag=1000
* \@twocolumnfalse
* \@twosidefalse
* \@mparswitchfalse
* \@reversemarginfalse
* (1in=72.27pt=25.4mm, 1cm=28.453pt)

LaTeX Font Info:    Trying to load font information for U+msa on input line 70.


(C:\Users\Dana Avramescu\AppData\Local\Programs\MiKTeX\tex/latex/amsfonts\umsa.
fd
File: umsa.fd 2013/01/14 v3.01 AMS symbols A
)
LaTeX Font Info:    Trying to load font information for U+msb on input line 70.


(C:\Users\Dana Avramescu\AppData\Local\Programs\MiKTeX\tex/latex/amsfonts\umsb.
fd
File: umsb.fd 2013/01/14 v3.01 AMS symbols B
)
<unibuc.jpg, id=239, 2124.93875pt x 2598.70876pt>
File: unibuc.jpg Graphic file (type jpg)
<use unibuc.jpg>
Package pdftex.def Info: unibuc.jpg  used on input line 71.
(pdftex.def)             Requested size: 71.13188pt x 86.95914pt.
<fizica.jpg, id=240, 129.6042pt x 126.7134pt>
File: fizica.jpg Graphic file (type jpg)
<use fizica.jpg>
Package pdftex.def Info: fizica.jpg  used on input line 81.
(pdftex.def)             Requested size: 93.89418pt x 91.80008pt.
[1


{C:/Users/Dana Avramescu/AppData/Local/MiKTeX/pdftex/config/pdftex.map} <./unib
uc.jpg> <./fizica.jpg>] (algebraic methods for solving the hydrogen atom in qua
ntum mechanics.toc
LaTeX Font Info:    Trying to load font information for U+euf on input line 38.


(C:\Users\Dana Avramescu\AppData\Local\Programs\MiKTeX\tex/latex/amsfonts\ueuf.
fd
File: ueuf.fd 2013/01/14 v3.01 Euler Fraktur
)pdfTeX warning (ext4): destination with the same identifier (name{page.1}) has
 been already used, duplicate ignored
<to be read again> 
                   \relax 
l.58 ...)$ coupling problem}{51}{subsection.4.2.2}
                                                  % [1




])
\tf@toc=\write4
\openout4 = `"algebraic methods for solving the hydrogen atom in quantum mechan
ics.toc"'.

[2]pdfTeX warning (ext4): destination with the same identifier (name{page.1}) h
as been already used, duplicate ignored
<to be read again> 
                   \relax 
l.125 
       [1



]pdfTeX warning (ext4): destination with the same identifier (name{page.2}) has
 been already used, duplicate ignored
<to be read again> 
                   \relax 
l.125 
       [2] [3]
Chapter 1.

Overfull \hbox (0.40451pt too wide) in paragraph at lines 128--129
[]\OT1/cmr/m/n/12 Since this study evolves around par-tic-u-lar phys-i-cal re-a
l-iza-tions of Lie groups
 []

[4

] [5] [6] [7]
Overfull \hbox (3.56921pt too wide) in paragraph at lines 253--254
[]\OT1/cmr/bx/n/12 Definition 12 \OT1/cmr/m/n/12 (\OT1/cmr/bx/n/12 Topological 
space ho-mo-gene-ity\OT1/cmr/m/n/12 ) A topo-log-i-cal space $[]$
 []


Overfull \hbox (4.47995pt too wide) in paragraph at lines 273--274
[]\OT1/cmr/bx/n/12 Definition 14 \OT1/cmr/m/n/12 (\OT1/cmr/bx/n/12 Smooth man-i
-fold\OT1/cmr/m/n/12 ) An $\OML/cmm/m/it/12 n$\OT1/cmr/m/n/12 -dimensional dif-
fer-en-tiable or smooth
 []

[8] [9] [10] [11] [12]
Overfull \hbox (5.0407pt too wide) in paragraph at lines 412--413
[]\OT1/cmr/m/n/12 The Ja-coby iden-tity is sat-is-fied: if $\OML/cmm/m/it/12 X;
 Y; Z \OMS/cmsy/m/n/12 2 \OML/cmm/m/it/12 L$\OT1/cmr/m/n/12 , then $[\OML/cmm/m
/it/12 X; \OT1/cmr/m/n/12 [\OML/cmm/m/it/12 Y; Z\OT1/cmr/m/n/12 ]] + [\OML/cmm/
m/it/12 Y; \OT1/cmr/m/n/12 [\OML/cmm/m/it/12 Z; X\OT1/cmr/m/n/12 ]] +
 []


Overfull \hbox (2.49338pt too wide) in paragraph at lines 416--417
[]\OT1/cmr/m/n/12 The third ax-iom states that Lie mul-ti-pli-ca-tion is, in ge
n-eral, non-associative.
 []

[13] [14] [15] [16]
Overfull \hbox (10.98561pt too wide) in paragraph at lines 549--551
\OT1/cmr/m/n/12 (\OML/cmm/m/it/12 a[]; :::; a[]\OT1/cmr/m/n/12 )$ and we know t
hat the as-so-ci-ated tan-gent space at $\OML/cmm/m/it/12 e$ \OT1/cmr/m/n/12 is
 an $\OML/cmm/m/it/12 n$\OT1/cmr/m/n/12 -dimensional
 []

[17] [18] [19]
Chapter 2.
[20

] [21] [22] [23] [24]
Chapter 3.

Package hyperref Warning: Token not allowed in a PDF string (Unicode):
(hyperref)                removing `math shift' on input line 735.


Package hyperref Warning: Token not allowed in a PDF string (Unicode):
(hyperref)                removing `math shift' on input line 735.


Package hyperref Warning: Token not allowed in a PDF string (Unicode):
(hyperref)                removing `math shift' on input line 759.


Package hyperref Warning: Token not allowed in a PDF string (Unicode):
(hyperref)                removing `math shift' on input line 759.

[25

] [26]
Overfull \hbox (20.2885pt too wide) in paragraph at lines 812--813
[]\OT1/cmr/m/n/12 bounded: there ex-ists $\OML/cmm/m/it/12 b[]$ \OT1/cmr/m/n/12
 and $\OML/cmm/m/it/12 b[]$ \OT1/cmr/m/n/12 such that $\U/euf/m/n/12 j[] [] \OT
1/cmr/m/n/12 = 0$ and $\U/euf/m/n/12 j[] [] \OT1/cmr/m/n/12 =
 []


Package hyperref Warning: Token not allowed in a PDF string (Unicode):
(hyperref)                removing `math shift' on input line 817.


Package hyperref Warning: Token not allowed in a PDF string (Unicode):
(hyperref)                removing `math shift' on input line 817.

[27] [28]
Overfull \hbox (24.66118pt too wide) in paragraph at lines 887--890
\OT1/cmr/m/n/12 and the al-lowed val-ues of $\OML/cmm/m/it/12 b$ \OT1/cmr/m/n/1
2 for a given $\OML/cmm/m/it/12 b[] \OT1/cmr/m/n/12 = \OML/cmm/m/it/12 j$ \OT1/
cmr/m/n/12 are $\OML/cmm/m/it/12 b \OMS/cmsy/m/n/12 2 []$
 []


Package hyperref Warning: Token not allowed in a PDF string (Unicode):
(hyperref)                removing `math shift' on input line 904.


Package hyperref Warning: Token not allowed in a PDF string (Unicode):
(hyperref)                removing `math shift' on input line 904.


Overfull \hbox (30.68872pt too wide) in paragraph at lines 922--923
[]\OT1/cmr/m/n/12 While seek-ing for non-vanishing ma-trix el-e-ments $[] \OML/
cmm/m/it/12 v[] []$ \OT1/cmr/m/n/12 and $[] \OML/cmm/m/it/12 v[] []$\OT1/cmr/m/
n/12 ,
 []

[29]
Overfull \hbox (0.13058pt too wide) detected at line 967
[]
 []

[30]
Overfull \hbox (31.32257pt too wide) detected at line 990
[]
 []


Package hyperref Warning: Token not allowed in a PDF string (Unicode):
(hyperref)                removing `math shift' on input line 1012.


Package hyperref Warning: Token not allowed in a PDF string (Unicode):
(hyperref)                removing `\pm' on input line 1012.


Package hyperref Warning: Token not allowed in a PDF string (Unicode):
(hyperref)                removing `math shift' on input line 1012.


Package hyperref Warning: Token not allowed in a PDF string (Unicode):
(hyperref)                removing `math shift' on input line 1012.


Package hyperref Warning: Token not allowed in a PDF string (Unicode):
(hyperref)                removing `math shift' on input line 1012.

[31] [32] [33] [34]

Package hyperref Warning: Token not allowed in a PDF string (Unicode):
(hyperref)                removing `math shift' on input line 1149.


Package hyperref Warning: Token not allowed in a PDF string (Unicode):
(hyperref)                removing `math shift' on input line 1149.

[35] [36]
Chapter 4.

Package hyperref Warning: Token not allowed in a PDF string (Unicode):
(hyperref)                removing `math shift' on input line 1174.


Package hyperref Warning: Token not allowed in a PDF string (Unicode):
(hyperref)                removing `math shift' on input line 1174.

[37

] [38]
<clrl.png, id=725, 847.4862pt x 410.0118pt>
File: clrl.png Graphic file (type png)
<use clrl.png>
Package pdftex.def Info: clrl.png  used on input line 1272.
(pdftex.def)             Requested size: 358.50227pt x 173.44252pt.
[39] [40 <./clrl.png>] [41] [42] [43] [44] [45]

Package hyperref Warning: Token not allowed in a PDF string (Unicode):
(hyperref)                removing `math shift' on input line 1480.


Package hyperref Warning: Token not allowed in a PDF string (Unicode):
(hyperref)                removing `math shift' on input line 1480.

[46] [47]

Package hyperref Warning: Token not allowed in a PDF string (Unicode):
(hyperref)                removing `math shift' on input line 1592.


Package hyperref Warning: Token not allowed in a PDF string (Unicode):
(hyperref)                removing `math shift' on input line 1592.

[48] [49] [50]

Package hyperref Warning: Token not allowed in a PDF string (Unicode):
(hyperref)                removing `math shift' on input line 1695.


Package hyperref Warning: Token not allowed in a PDF string (Unicode):
(hyperref)                removing `math shift' on input line 1695.


Package hyperref Warning: Token not allowed in a PDF string (Unicode):
(hyperref)                removing `math shift' on input line 1695.


Package hyperref Warning: Token not allowed in a PDF string (Unicode):
(hyperref)                removing `\sim' on input line 1695.


Package hyperref Warning: Token not allowed in a PDF string (Unicode):
(hyperref)                removing `math shift' on input line 1695.

[51] [52]
<tower_1.png, id=961, 514.0806pt x 510.708pt>
File: tower_1.png Graphic file (type png)
<use tower_1.png>
Package pdftex.def Info: tower_1.png  used on input line 1767.
(pdftex.def)             Requested size: 278.83578pt x 277.00946pt.
[53] [54 <./tower_1.png>]

Package hyperref Warning: Token not allowed in a PDF string (Unicode):
(hyperref)                removing `math shift' on input line 1790.


Package hyperref Warning: Token not allowed in a PDF string (Unicode):
(hyperref)                removing `math shift' on input line 1790.

[55] [56]
Chapter 5.

Package hyperref Warning: Token not allowed in a PDF string (Unicode):
(hyperref)                removing `math shift' on input line 1868.


Package hyperref Warning: Token not allowed in a PDF string (Unicode):
(hyperref)                removing `\sim' on input line 1868.


Package hyperref Warning: Token not allowed in a PDF string (Unicode):
(hyperref)                removing `math shift' on input line 1868.

[57

]

Package hyperref Warning: Token not allowed in a PDF string (Unicode):
(hyperref)                removing `math shift' on input line 1892.


Package hyperref Warning: Token not allowed in a PDF string (Unicode):
(hyperref)                removing `\sim' on input line 1892.


Package hyperref Warning: Token not allowed in a PDF string (Unicode):
(hyperref)                removing `math shift' on input line 1892.

[58]

Package hyperref Warning: Token not allowed in a PDF string (Unicode):
(hyperref)                removing `math shift' on input line 1945.


Package hyperref Warning: Token not allowed in a PDF string (Unicode):
(hyperref)                removing `\sim' on input line 1945.


Package hyperref Warning: Token not allowed in a PDF string (Unicode):
(hyperref)                removing `math shift' on input line 1945.

[59] [60]

Package hyperref Warning: Token not allowed in a PDF string (Unicode):
(hyperref)                removing `math shift' on input line 1999.


Package hyperref Warning: Token not allowed in a PDF string (Unicode):
(hyperref)                removing `math shift' on input line 1999.

[61] [62] [63] [64] [65]

Package hyperref Warning: Token not allowed in a PDF string (Unicode):
(hyperref)                removing `math shift' on input line 2171.


Package hyperref Warning: Token not allowed in a PDF string (Unicode):
(hyperref)                removing `math shift' on input line 2171.

[66] [67] [68] [69] [70] [71] [72]
Chapter 6.

Package hyperref Warning: Token not allowed in a PDF string (Unicode):
(hyperref)                removing `math shift' on input line 2370.


Package hyperref Warning: Token not allowed in a PDF string (Unicode):
(hyperref)                removing `math shift' on input line 2370.


Package hyperref Warning: Token not allowed in a PDF string (Unicode):
(hyperref)                removing `math shift' on input line 2370.


Package hyperref Warning: Token not allowed in a PDF string (Unicode):
(hyperref)                removing `math shift' on input line 2370.


Package hyperref Warning: Token not allowed in a PDF string (Unicode):
(hyperref)                removing `math shift' on input line 2376.


Package hyperref Warning: Token not allowed in a PDF string (Unicode):
(hyperref)                removing `math shift' on input line 2376.

[73

] [74] [75]

Package hyperref Warning: Token not allowed in a PDF string (Unicode):
(hyperref)                removing `math shift' on input line 2491.


Package hyperref Warning: Token not allowed in a PDF string (Unicode):
(hyperref)                removing `math shift' on input line 2491.


Overfull \hbox (6.47195pt too wide) in paragraph at lines 2492--2493
[]\OT1/cmr/m/n/12 In the same way as rais-ing and low-er-ing op-er-a-tors were 
de-fined for $[](3)$,$[](4)$
 []

[76] [77]

Package hyperref Warning: Token not allowed in a PDF string (Unicode):
(hyperref)                removing `math shift' on input line 2572.


Package hyperref Warning: Token not allowed in a PDF string (Unicode):
(hyperref)                removing `math shift' on input line 2572.

[78] [79] [80]

Package hyperref Warning: Token not allowed in a PDF string (Unicode):
(hyperref)                removing `math shift' on input line 2681.


Package hyperref Warning: Token not allowed in a PDF string (Unicode):
(hyperref)                removing `math shift' on input line 2681.

[81]
<tower_3.png, id=1284, 514.0806pt x 510.708pt>
File: tower_3.png Graphic file (type png)
<use tower_3.png>
Package pdftex.def Info: tower_3.png  used on input line 2720.
(pdftex.def)             Requested size: 278.83578pt x 277.00946pt.
<tower_2.png, id=1287, 582.978pt x 313.17pt>
File: tower_2.png Graphic file (type png)
<use tower_2.png>
Package pdftex.def Info: tower_2.png  used on input line 2729.
(pdftex.def)             Requested size: 358.50227pt x 192.58167pt.
[82] [83 <./tower_3.png>] [84 <./tower_2.png>]
<tower_4.png, id=1319, 635.976pt x 264.99pt>
File: tower_4.png Graphic file (type png)
<use tower_4.png>
Package pdftex.def Info: tower_4.png  used on input line 2788.
(pdftex.def)             Requested size: 398.33858pt x 165.97415pt.
[85 <./tower_4.png>] [86] [87

]
Appendix A.
[88

]
Overfull \hbox (2.8533pt too wide) detected at line 2935
[]
 []

[89] [90]
Appendix B.
[91

]

Package hyperref Warning: Token not allowed in a PDF string (Unicode):
(hyperref)                removing `math shift' on input line 3021.


Package hyperref Warning: Token not allowed in a PDF string (Unicode):
(hyperref)                removing `math shift' on input line 3021.

[92] [93]

Package hyperref Warning: Token not allowed in a PDF string (Unicode):
(hyperref)                removing `math shift' on input line 3098.


Package hyperref Warning: Token not allowed in a PDF string (Unicode):
(hyperref)                removing `math shift' on input line 3098.


Package hyperref Warning: Token not allowed in a PDF string (Unicode):
(hyperref)                removing `math shift' on input line 3098.


Package hyperref Warning: Token not allowed in a PDF string (Unicode):
(hyperref)                removing `math shift' on input line 3098.

[94] [95] [96] [97]

Package hyperref Warning: Token not allowed in a PDF string (Unicode):
(hyperref)                removing `math shift' on input line 3317.


Package hyperref Warning: Token not allowed in a PDF string (Unicode):
(hyperref)                removing `math shift' on input line 3317.

[98] [99] [100] [101] [102] [103]

Package hyperref Warning: Token not allowed in a PDF string (Unicode):
(hyperref)                removing `math shift' on input line 3586.


Package hyperref Warning: Token not allowed in a PDF string (Unicode):
(hyperref)                removing `math shift' on input line 3586.

[104] [105] [106] [107]
Underfull \hbox (badness 10000) in paragraph at lines 3731--3732

 []


Underfull \hbox (badness 10000) in paragraph at lines 3763--3765

 []

[108] [109] [110] [111] [112] [113] [114] [115] [116] [117] [118] [119] [120] [
121] [122]
Appendix C.
[123

] [124] [125] [126] [127] [128] [129] (algebraic methods for solving the hydrog
en atom in quantum mechanics.bbl [130

] [131]) [132] (algebraic methods for solving the hydrogen atom in quantum mech
anics.aux)

LaTeX Warning: There were multiply-defined labels.

Package rerunfilecheck Info: File `"algebraic methods for solving the hydrogen 
atom in quantum mechanics".out' has not changed.
(rerunfilecheck)             Checksum: A64E2C9A68D100A505DBFFCBE801EFBC;12500.
 ) 
Here is how much of TeX's memory you used:
 13254 strings out of 479334
 196299 string characters out of 2852772
 535429 words of memory out of 3000000
 29845 multiletter control sequences out of 15000+200000
 422472 words of font info for 99 fonts, out of 3000000 for 9000
 1141 hyphenation exceptions out of 8191
 80i,21n,89p,1527b,643s stack positions out of 5000i,500n,10000p,200000b,50000s
<C:/Users/Dana Avramescu/AppData/Local/Programs/MiKTeX/fonts/type1/public/ams
fonts/cm/cmbx12.pfb><C:/Users/Dana Avramescu/AppData/Local/Programs/MiKTeX/font
s/type1/public/amsfonts/cm/cmbxti10.pfb><C:/Users/Dana Avramescu/AppData/Local/
Programs/MiKTeX/fonts/type1/public/amsfonts/cm/cmcsc10.pfb><C:/Users/Dana Avram
escu/AppData/Local/Programs/MiKTeX/fonts/type1/public/amsfonts/cm/cmex10.pfb><C
:/Users/Dana Avramescu/AppData/Local/Programs/MiKTeX/fonts/type1/public/amsfont
s/cm/cmmi12.pfb><C:/Users/Dana Avramescu/AppData/Local/Programs/MiKTeX/fonts/ty
pe1/public/amsfonts/cm/cmmi6.pfb><C:/Users/Dana Avramescu/AppData/Local/Program
s/MiKTeX/fonts/type1/public/amsfonts/cm/cmmi8.pfb><C:/Users/Dana Avramescu/AppD
ata/Local/Programs/MiKTeX/fonts/type1/public/amsfonts/cm/cmr10.pfb><C:/Users/Da
na Avramescu/AppData/Local/Programs/MiKTeX/fonts/type1/public/amsfonts/cm/cmr12
.pfb><C:/Users/Dana Avramescu/AppData/Local/Programs/MiKTeX/fonts/type1/public/
amsfonts/cm/cmr17.pfb><C:/Users/Dana Avramescu/AppData/Local/Programs/MiKTeX/fo
nts/type1/public/amsfonts/cm/cmr6.pfb><C:/Users/Dana Avramescu/AppData/Local/Pr
ograms/MiKTeX/fonts/type1/public/amsfonts/cm/cmr8.pfb><C:/Users/Dana Avramescu/
AppData/Local/Programs/MiKTeX/fonts/type1/public/amsfonts/cm/cmsy10.pfb><C:/Use
rs/Dana Avramescu/AppData/Local/Programs/MiKTeX/fonts/type1/public/amsfonts/cm/
cmsy6.pfb><C:/Users/Dana Avramescu/AppData/Local/Programs/MiKTeX/fonts/type1/pu
blic/amsfonts/cm/cmsy8.pfb><C:/Users/Dana Avramescu/AppData/Local/Programs/MiKT
eX/fonts/type1/public/amsfonts/cm/cmti12.pfb><C:/Users/Dana Avramescu/AppData/L
ocal/Programs/MiKTeX/fonts/type1/public/amsfonts/cm/cmti8.pfb><C:/Users/Dana Av
ramescu/AppData/Local/Programs/MiKTeX/fonts/type1/public/amsfonts/euler/eufm10.
pfb><C:/Users/Dana Avramescu/AppData/Local/Programs/MiKTeX/fonts/type1/public/a
msfonts/symbols/msam10.pfb><C:/Users/Dana Avramescu/AppData/Local/Programs/MiKT
eX/fonts/type1/public/amsfonts/symbols/msbm10.pfb>
Output written on "algebraic methods for solving the hydrogen atom in quantum m
echanics.pdf" (135 pages, 3056407 bytes).
PDF statistics:
 2305 PDF objects out of 2487 (max. 8388607)
 635 named destinations out of 1000 (max. 500000)
 508 words of extra memory for PDF output out of 10000 (max. 10000000)

